mdroid+/gnucash-android/app/build/outputs/logs/manifest-merger-beta-debug-report.txt
-- Merging decision tree log ---
permission-group#org.gnucash.android.permission.group.GNUCASH
INJECTED from src\main\AndroidManifest.xml:21:5-24:70
	android:name
		INJECTED from src\main\AndroidManifest.xml
permission#org.gnucash.android.permission.CREATE_ACCOUNT
INJECTED from src\main\AndroidManifest.xml:26:5-29:47
INJECTED from src\main\AndroidManifest.xml:26:5-29:47
	android:permissionGroup
		INJECTED from src\main\AndroidManifest.xml
	android:name
		INJECTED from src\main\AndroidManifest.xml
permission#org.gnucash.android.permission.RECORD_TRANSACTION
INJECTED from src\main\AndroidManifest.xml:30:5-33:47
INJECTED from src\main\AndroidManifest.xml:30:5-33:47
	android:permissionGroup
		INJECTED from src\main\AndroidManifest.xml
	android:name
		INJECTED from src\main\AndroidManifest.xml
data
INJECTED from src\main\AndroidManifest.xml:133:17-100
INJECTED from src\main\AndroidManifest.xml:143:17-96
	android:mimeType
		INJECTED from src\main\AndroidManifest.xml
		INJECTED from src\main\AndroidManifest.xml
provider#android.support.v4.content.FileProvider
INJECTED from src\main\AndroidManifest.xml:167:9-174:20
	android:authorities
		INJECTED from src\main\AndroidManifest.xml
manifest
ADDED from src\main\AndroidManifest.xml:18:1-177:12
INJECTED from src\main\AndroidManifest.xml:18:1-177:12
INJECTED from src\main\AndroidManifest.xml:18:1-177:12
INJECTED from src\main\AndroidManifest.xml:18:1-177:12
MERGED from src\main\AndroidManifest.xml:18:1-177:12
MERGED from [com.android.support:multidex:1.0.2] AndroidManifest.xml:17:1-22:12
MERGED from [com.facebook.stetho:stetho:1.5.0] AndroidManifest.xml:2:1-13:12
MERGED from [com.github.nextcloud:android-library:1.0.31] AndroidManifest.xml:25:1-34:12
MERGED from [com.android.support:design:27.0.2] AndroidManifest.xml:17:1-22:12
MERGED from [com.android.support:preference-v7:27.0.2] AndroidManifest.xml:17:1-22:12
MERGED from [com.github.techfreak:wizardpager:1.0.3] AndroidManifest.xml:2:1-14:12
MERGED from [com.google.android.gms:play-services-drive:9.6.1] AndroidManifest.xml:16:1-19:12
MERGED from [com.google.android.gms:play-services-base:9.6.1] AndroidManifest.xml:16:1-21:12
MERGED from [com.google.android.gms:play-services-tasks:9.6.1] AndroidManifest.xml:2:1-5:12
MERGED from [com.google.android.gms:play-services-basement:9.6.1] AndroidManifest.xml:16:1-23:12
MERGED from [com.android.support:support-v4:27.0.2] AndroidManifest.xml:17:1-22:12
MERGED from [com.code-troopers.betterpickers:library:3.1.0] AndroidManifest.xml:2:1-12:12
MERGED from [io.github.kobakei:ratethisapp:1.1.3] AndroidManifest.xml:2:1-11:12
MERGED from [com.uservoice:uservoice-android-sdk:1.2.6] AndroidManifest.xml:2:1-37:12
MERGED from [com.android.support:appcompat-v7:27.0.2] AndroidManifest.xml:17:1-22:12
MERGED from [com.android.support:cardview-v7:27.0.2] AndroidManifest.xml:17:1-22:12
MERGED from [com.android.support:recyclerview-v7:27.0.2] AndroidManifest.xml:17:1-22:12
MERGED from [org.jraf:android-switch-backport:2.0.1] AndroidManifest.xml:26:1-36:12
MERGED from [com.squareup:android-times-square:1.6.5] AndroidManifest.xml:2:1-9:12
MERGED from [com.jakewharton:butterknife:8.8.1] AndroidManifest.xml:2:1-7:12
MERGED from [com.crashlytics.sdk.android:crashlytics:2.6.7] AndroidManifest.xml:2:1-13:12
MERGED from [com.android.support:support-fragment:27.0.2] AndroidManifest.xml:17:1-22:12
MERGED from [com.android.support:animated-vector-drawable:27.0.2] AndroidManifest.xml:17:1-22:12
MERGED from [com.android.support:support-core-ui:27.0.2] AndroidManifest.xml:17:1-22:12
MERGED from [com.android.support:transition:27.0.2] AndroidManifest.xml:17:1-22:12
MERGED from [com.android.support:support-vector-drawable:27.0.2] AndroidManifest.xml:17:1-22:12
MERGED from [com.android.support:support-media-compat:27.0.2] AndroidManifest.xml:17:1-22:12
MERGED from [com.android.support:support-core-utils:27.0.2] AndroidManifest.xml:17:1-22:12
MERGED from [com.android.support:support-compat:27.0.2] AndroidManifest.xml:17:1-22:12
MERGED from [com.crashlytics.sdk.android:beta:1.2.4] AndroidManifest.xml:2:1-13:12
MERGED from [com.crashlytics.sdk.android:crashlytics-core:2.3.16] AndroidManifest.xml:45:1-56:12
MERGED from [com.crashlytics.sdk.android:answers:1.3.12] AndroidManifest.xml:2:1-13:12
MERGED from [io.fabric.sdk.android:fabric:1.3.16] AndroidManifest.xml:22:1-33:12
MERGED from [android.arch.lifecycle:runtime:1.0.3] AndroidManifest.xml:17:1-24:12
INJECTED from src\debug\AndroidManifest.xml:18:1-24:12
INJECTED from src\debug\AndroidManifest.xml:18:1-24:12
INJECTED from src\debug\AndroidManifest.xml:18:1-24:12
	package
		ADDED from src\main\AndroidManifest.xml:19:5-34
		INJECTED from src\main\AndroidManifest.xml
		INJECTED from src\debug\AndroidManifest.xml
	android:versionName
		INJECTED from src\main\AndroidManifest.xml
		ADDED from src\main\AndroidManifest.xml:18:1-177:12
		INJECTED from src\debug\AndroidManifest.xml
	android:versionCode
		INJECTED from src\main\AndroidManifest.xml
		ADDED from src\main\AndroidManifest.xml:18:1-177:12
		INJECTED from src\debug\AndroidManifest.xml
	xmlns:android
		ADDED from src\main\AndroidManifest.xml:18:11-69
uses-permission#org.gnucash.android.permission.RECORD_TRANSACTION
ADDED from src\main\AndroidManifest.xml:35:5-36:89
	android:label
		ADDED from src\main\AndroidManifest.xml:35:22-82
	android:name
		ADDED from src\main\AndroidManifest.xml:36:22-86
uses-permission#org.gnucash.android.permission.CREATE_ACCOUNT
ADDED from src\main\AndroidManifest.xml:37:5-38:85
	android:label
		ADDED from src\main\AndroidManifest.xml:37:22-78
	android:name
		ADDED from src\main\AndroidManifest.xml:38:22-82
uses-permission#android.permission.VIBRATE
ADDED from src\main\AndroidManifest.xml:40:5-41:83
	android:label
		ADDED from src\main\AndroidManifest.xml:41:22-80
	android:name
		ADDED from src\main\AndroidManifest.xml:40:22-63
uses-permission#android.permission.WAKE_LOCK
ADDED from src\main\AndroidManifest.xml:42:5-68
	android:name
		ADDED from src\main\AndroidManifest.xml:42:22-65
uses-permission#android.permission.RECEIVE_BOOT_COMPLETED
ADDED from src\main\AndroidManifest.xml:43:5-44:95
	android:label
		ADDED from src\main\AndroidManifest.xml:44:22-93
	android:name
		ADDED from src\main\AndroidManifest.xml:43:22-78
uses-permission#android.permission.INTERNET
ADDED from src\main\AndroidManifest.xml:45:5-46:88
MERGED from [com.uservoice:uservoice-android-sdk:1.2.6] AndroidManifest.xml:12:5-67
MERGED from [com.uservoice:uservoice-android-sdk:1.2.6] AndroidManifest.xml:12:5-67
MERGED from [com.crashlytics.sdk.android:crashlytics:2.6.7] AndroidManifest.xml:9:5-67
MERGED from [com.crashlytics.sdk.android:crashlytics:2.6.7] AndroidManifest.xml:9:5-67
MERGED from [com.crashlytics.sdk.android:beta:1.2.4] AndroidManifest.xml:9:5-67
MERGED from [com.crashlytics.sdk.android:beta:1.2.4] AndroidManifest.xml:9:5-67
MERGED from [com.crashlytics.sdk.android:crashlytics-core:2.3.16] AndroidManifest.xml:52:5-67
MERGED from [com.crashlytics.sdk.android:crashlytics-core:2.3.16] AndroidManifest.xml:52:5-67
MERGED from [com.crashlytics.sdk.android:answers:1.3.12] AndroidManifest.xml:9:5-67
MERGED from [com.crashlytics.sdk.android:answers:1.3.12] AndroidManifest.xml:9:5-67
MERGED from [io.fabric.sdk.android:fabric:1.3.16] AndroidManifest.xml:29:5-67
MERGED from [io.fabric.sdk.android:fabric:1.3.16] AndroidManifest.xml:29:5-67
	android:label
		ADDED from src\main\AndroidManifest.xml:46:22-85
	android:name
		ADDED from src\main\AndroidManifest.xml:45:22-64
uses-permission#android.permission.ACCESS_NETWORK_STATE
ADDED from src\main\AndroidManifest.xml:47:5-79
	android:name
		ADDED from src\main\AndroidManifest.xml:47:22-76
application
ADDED from src\main\AndroidManifest.xml:49:5-175:19
MERGED from [com.facebook.stetho:stetho:1.5.0] AndroidManifest.xml:11:5-20
MERGED from [com.facebook.stetho:stetho:1.5.0] AndroidManifest.xml:11:5-20
MERGED from [com.github.techfreak:wizardpager:1.0.3] AndroidManifest.xml:11:5-12:19
MERGED from [com.github.techfreak:wizardpager:1.0.3] AndroidManifest.xml:11:5-12:19
MERGED from [com.google.android.gms:play-services-drive:9.6.1] AndroidManifest.xml:18:5-19
MERGED from [com.google.android.gms:play-services-drive:9.6.1] AndroidManifest.xml:18:5-19
MERGED from [com.google.android.gms:play-services-base:9.6.1] AndroidManifest.xml:18:5-20:19
MERGED from [com.google.android.gms:play-services-base:9.6.1] AndroidManifest.xml:18:5-20:19
MERGED from [com.google.android.gms:play-services-tasks:9.6.1] AndroidManifest.xml:4:5-19
MERGED from [com.google.android.gms:play-services-tasks:9.6.1] AndroidManifest.xml:4:5-19
MERGED from [com.google.android.gms:play-services-basement:9.6.1] AndroidManifest.xml:19:5-21:19
MERGED from [com.google.android.gms:play-services-basement:9.6.1] AndroidManifest.xml:19:5-21:19
MERGED from [com.uservoice:uservoice-android-sdk:1.2.6] AndroidManifest.xml:14:5-35:19
MERGED from [com.uservoice:uservoice-android-sdk:1.2.6] AndroidManifest.xml:14:5-35:19
MERGED from [org.jraf:android-switch-backport:2.0.1] AndroidManifest.xml:34:5-20
MERGED from [org.jraf:android-switch-backport:2.0.1] AndroidManifest.xml:34:5-20
MERGED from [com.crashlytics.sdk.android:crashlytics:2.6.7] AndroidManifest.xml:11:5-20
MERGED from [com.crashlytics.sdk.android:crashlytics:2.6.7] AndroidManifest.xml:11:5-20
MERGED from [com.crashlytics.sdk.android:beta:1.2.4] AndroidManifest.xml:11:5-20
MERGED from [com.crashlytics.sdk.android:beta:1.2.4] AndroidManifest.xml:11:5-20
MERGED from [com.crashlytics.sdk.android:crashlytics-core:2.3.16] AndroidManifest.xml:54:5-20
MERGED from [com.crashlytics.sdk.android:crashlytics-core:2.3.16] AndroidManifest.xml:54:5-20
MERGED from [com.crashlytics.sdk.android:answers:1.3.12] AndroidManifest.xml:11:5-20
MERGED from [com.crashlytics.sdk.android:answers:1.3.12] AndroidManifest.xml:11:5-20
MERGED from [io.fabric.sdk.android:fabric:1.3.16] AndroidManifest.xml:31:5-20
MERGED from [io.fabric.sdk.android:fabric:1.3.16] AndroidManifest.xml:31:5-20
	android:label
		ADDED from src\main\AndroidManifest.xml:51:9-41
	android:icon
		ADDED from src\main\AndroidManifest.xml:50:9-45
	android:allowBackup
		ADDED from src\main\AndroidManifest.xml:53:9-35
	android:theme
		ADDED from src\main\AndroidManifest.xml:52:9-62
	android:name
		ADDED from src\main\AndroidManifest.xml:49:18-75
activity#org.gnucash.android.ui.account.AccountsActivity
ADDED from src\main\AndroidManifest.xml:54:9-79:20
	android:label
		ADDED from src\main\AndroidManifest.xml:56:13-45
	android:name
		ADDED from src\main\AndroidManifest.xml:55:13-56
intent-filter#android.intent.action.MAIN+android.intent.category.LAUNCHER
ADDED from src\main\AndroidManifest.xml:57:13-60:29
action#android.intent.action.MAIN
ADDED from src\main\AndroidManifest.xml:58:17-69
	android:name
		ADDED from src\main\AndroidManifest.xml:58:25-66
category#android.intent.category.LAUNCHER
ADDED from src\main\AndroidManifest.xml:59:17-77
	android:name
		ADDED from src\main\AndroidManifest.xml:59:27-74
intent-filter#android.intent.action.EDIT+android.intent.action.VIEW+android.intent.category.DEFAULT
ADDED from src\main\AndroidManifest.xml:61:13-66:29
action#android.intent.action.VIEW
ADDED from src\main\AndroidManifest.xml:62:17-69
	android:name
		ADDED from src\main\AndroidManifest.xml:62:25-66
action#android.intent.action.EDIT
ADDED from src\main\AndroidManifest.xml:63:17-69
	android:name
		ADDED from src\main\AndroidManifest.xml:63:25-66
category#android.intent.category.DEFAULT
ADDED from src\main\AndroidManifest.xml:64:17-76
	android:name
		ADDED from src\main\AndroidManifest.xml:64:27-73
activity#org.gnucash.android.ui.passcode.PasscodeLockScreenActivity
ADDED from src\main\AndroidManifest.xml:80:9-84:20
	android:windowSoftInputMode
		ADDED from src\main\AndroidManifest.xml:83:13-60
	android:noHistory
		ADDED from src\main\AndroidManifest.xml:82:13-37
	android:name
		ADDED from src\main\AndroidManifest.xml:81:13-67
activity#org.gnucash.android.ui.transaction.ScheduledActionsActivity
ADDED from src\main\AndroidManifest.xml:85:9-77
	android:name
		ADDED from src\main\AndroidManifest.xml:85:19-74
activity#org.gnucash.android.ui.passcode.PasscodePreferenceActivity
ADDED from src\main\AndroidManifest.xml:86:9-87:57
	android:theme
		ADDED from src\main\AndroidManifest.xml:87:13-54
	android:name
		ADDED from src\main\AndroidManifest.xml:86:19-73
activity#org.gnucash.android.ui.transaction.TransactionsActivity
ADDED from src\main\AndroidManifest.xml:88:9-73
	android:name
		ADDED from src\main\AndroidManifest.xml:88:19-70
activity#org.gnucash.android.ui.homescreen.WidgetConfigurationActivity
ADDED from src\main\AndroidManifest.xml:89:9-96:14
	android:label
		ADDED from src\main\AndroidManifest.xml:90:13-63
	android:excludeFromRecents
		ADDED from src\main\AndroidManifest.xml:92:13-46
	android:theme
		ADDED from src\main\AndroidManifest.xml:91:13-62
	android:name
		ADDED from src\main\AndroidManifest.xml:89:19-76
intent-filter#android.appwidget.action.APPWIDGET_CONFIGURE
ADDED from src\main\AndroidManifest.xml:93:7-95:23
action#android.appwidget.action.APPWIDGET_CONFIGURE
ADDED from src\main\AndroidManifest.xml:94:11-80
	android:name
		ADDED from src\main\AndroidManifest.xml:94:19-78
activity#org.gnucash.android.ui.common.FormActivity
ADDED from src\main\AndroidManifest.xml:97:9-98:61
	android:configChanges
		ADDED from src\main\AndroidManifest.xml:98:13-59
	android:name
		ADDED from src\main\AndroidManifest.xml:97:19-57
activity#org.gnucash.android.ui.transaction.TransactionDetailActivity
ADDED from src\main\AndroidManifest.xml:99:9-100:61
	android:configChanges
		ADDED from src\main\AndroidManifest.xml:100:13-59
	android:name
		ADDED from src\main\AndroidManifest.xml:99:19-75
activity#org.gnucash.android.ui.report.ReportsActivity
ADDED from src\main\AndroidManifest.xml:101:9-102:45
	android:launchMode
		ADDED from src\main\AndroidManifest.xml:102:13-43
	android:name
		ADDED from src\main\AndroidManifest.xml:101:19-60
activity#org.gnucash.android.ui.budget.BudgetsActivity
ADDED from src\main\AndroidManifest.xml:103:9-104:45
	android:launchMode
		ADDED from src\main\AndroidManifest.xml:104:13-43
	android:name
		ADDED from src\main\AndroidManifest.xml:103:19-60
activity#org.gnucash.android.ui.wizard.FirstRunWizardActivity
ADDED from src\main\AndroidManifest.xml:105:9-106:57
	android:theme
		ADDED from src\main\AndroidManifest.xml:106:13-54
	android:name
		ADDED from src\main\AndroidManifest.xml:105:19-67
activity#org.gnucash.android.ui.settings.PreferenceActivity
ADDED from src\main\AndroidManifest.xml:107:9-108:57
	android:theme
		ADDED from src\main\AndroidManifest.xml:108:13-54
	android:name
		ADDED from src\main\AndroidManifest.xml:107:19-65
activity#com.dropbox.core.android.AuthActivity
ADDED from src\main\AndroidManifest.xml:109:9-120:20
	android:launchMode
		ADDED from src\main\AndroidManifest.xml:111:13-44
	android:configChanges
		ADDED from src\main\AndroidManifest.xml:112:13-57
	android:name
		ADDED from src\main\AndroidManifest.xml:110:13-65
intent-filter#android.intent.action.VIEW+android.intent.category.BROWSABLE+android.intent.category.DEFAULT
ADDED from src\main\AndroidManifest.xml:113:13-119:29
category#android.intent.category.BROWSABLE
ADDED from src\main\AndroidManifest.xml:117:17-77
	android:name
		ADDED from src\main\AndroidManifest.xml:117:27-75
service#org.gnucash.android.service.ScheduledActionService
ADDED from src\main\AndroidManifest.xml:121:9-124:74
	android:label
		ADDED from src\main\AndroidManifest.xml:124:13-72
	android:exported
		ADDED from src\main\AndroidManifest.xml:122:13-37
	android:permission
		ADDED from src\main\AndroidManifest.xml:123:13-69
	android:name
		ADDED from src\main\AndroidManifest.xml:121:18-64
service#org.gnucash.android.util.BackupJob
ADDED from src\main\AndroidManifest.xml:125:9-126:74
	android:permission
		ADDED from src\main\AndroidManifest.xml:126:15-71
	android:name
		ADDED from src\main\AndroidManifest.xml:125:18-48
receiver#org.gnucash.android.receivers.TransactionRecorder
ADDED from src\main\AndroidManifest.xml:127:9-135:20
	android:label
		ADDED from src\main\AndroidManifest.xml:128:13-74
	android:permission
		ADDED from src\main\AndroidManifest.xml:129:13-83
	android:name
		ADDED from src\main\AndroidManifest.xml:127:19-64
intent-filter#android.intent.action.INSERT+android.intent.category.DEFAULT
ADDED from src\main\AndroidManifest.xml:130:13-134:29
action#android.intent.action.INSERT
ADDED from src\main\AndroidManifest.xml:131:17-71
	android:name
		ADDED from src\main\AndroidManifest.xml:131:25-68
receiver#org.gnucash.android.receivers.AccountCreator
ADDED from src\main\AndroidManifest.xml:136:9-145:20
	android:enabled
		ADDED from src\main\AndroidManifest.xml:139:13-35
	android:label
		ADDED from src\main\AndroidManifest.xml:137:13-49
	android:exported
		ADDED from src\main\AndroidManifest.xml:139:36-59
	android:permission
		ADDED from src\main\AndroidManifest.xml:138:13-79
	android:name
		ADDED from src\main\AndroidManifest.xml:136:19-59
receiver#org.gnucash.android.receivers.TransactionAppWidgetProvider
ADDED from src\main\AndroidManifest.xml:146:9-152:14
	android:name
		ADDED from src\main\AndroidManifest.xml:146:19-73
intent-filter#android.appwidget.action.APPWIDGET_UPDATE
ADDED from src\main\AndroidManifest.xml:147:7-149:23
action#android.appwidget.action.APPWIDGET_UPDATE
ADDED from src\main\AndroidManifest.xml:148:11-78
	android:name
		ADDED from src\main\AndroidManifest.xml:148:19-75
meta-data#android.appwidget.provider
ADDED from src\main\AndroidManifest.xml:150:7-151:71
	android:resource
		ADDED from src\main\AndroidManifest.xml:151:18-68
	android:name
		ADDED from src\main\AndroidManifest.xml:150:18-59
receiver#org.gnucash.android.receivers.BootReceiver
ADDED from src\main\AndroidManifest.xml:153:9-159:20
	android:label
		ADDED from src\main\AndroidManifest.xml:154:13-84
	android:exported
		ADDED from src\main\AndroidManifest.xml:155:13-37
	android:name
		ADDED from src\main\AndroidManifest.xml:153:19-57
intent-filter#android.intent.action.BOOT_COMPLETED
ADDED from src\main\AndroidManifest.xml:156:13-158:29
action#android.intent.action.BOOT_COMPLETED
ADDED from src\main\AndroidManifest.xml:157:17-78
	android:name
		ADDED from src\main\AndroidManifest.xml:157:25-76
receiver#org.gnucash.android.receivers.PeriodicJobReceiver
ADDED from src\main\AndroidManifest.xml:160:9-166:20
	android:exported
		ADDED from src\main\AndroidManifest.xml:161:59-83
	android:name
		ADDED from src\main\AndroidManifest.xml:161:13-58
intent-filter#org.gnucash.android.action_backup+org.gnucash.android.action_scheduled_actions
ADDED from src\main\AndroidManifest.xml:162:13-165:29
action#org.gnucash.android.action_backup
ADDED from src\main\AndroidManifest.xml:163:17-76
	android:name
		ADDED from src\main\AndroidManifest.xml:163:25-73
action#org.gnucash.android.action_scheduled_actions
ADDED from src\main\AndroidManifest.xml:164:17-87
	android:name
		ADDED from src\main\AndroidManifest.xml:164:25-84
uses-sdk
INJECTED from src\main\AndroidManifest.xml reason: use-sdk injection requested
INJECTED from src\main\AndroidManifest.xml
INJECTED from src\main\AndroidManifest.xml
MERGED from [com.android.support:multidex:1.0.2] AndroidManifest.xml:20:5-43
MERGED from [com.android.support:multidex:1.0.2] AndroidManifest.xml:20:5-43
MERGED from [com.facebook.stetho:stetho:1.5.0] AndroidManifest.xml:7:5-9:41
MERGED from [com.facebook.stetho:stetho:1.5.0] AndroidManifest.xml:7:5-9:41
MERGED from [com.github.nextcloud:android-library:1.0.31] AndroidManifest.xml:30:5-32:41
MERGED from [com.github.nextcloud:android-library:1.0.31] AndroidManifest.xml:30:5-32:41
MERGED from [com.android.support:design:27.0.2] AndroidManifest.xml:20:5-44
MERGED from [com.android.support:design:27.0.2] AndroidManifest.xml:20:5-44
MERGED from [com.android.support:preference-v7:27.0.2] AndroidManifest.xml:20:5-44
MERGED from [com.android.support:preference-v7:27.0.2] AndroidManifest.xml:20:5-44
MERGED from [com.github.techfreak:wizardpager:1.0.3] AndroidManifest.xml:7:5-9:41
MERGED from [com.github.techfreak:wizardpager:1.0.3] AndroidManifest.xml:7:5-9:41
MERGED from [com.google.android.gms:play-services-drive:9.6.1] AndroidManifest.xml:17:5-42
MERGED from [com.google.android.gms:play-services-drive:9.6.1] AndroidManifest.xml:17:5-42
MERGED from [com.google.android.gms:play-services-base:9.6.1] AndroidManifest.xml:17:5-42
MERGED from [com.google.android.gms:play-services-base:9.6.1] AndroidManifest.xml:17:5-42
MERGED from [com.google.android.gms:play-services-tasks:9.6.1] AndroidManifest.xml:3:5-42
MERGED from [com.google.android.gms:play-services-tasks:9.6.1] AndroidManifest.xml:3:5-42
MERGED from [com.google.android.gms:play-services-basement:9.6.1] AndroidManifest.xml:17:5-42
MERGED from [com.google.android.gms:play-services-basement:9.6.1] AndroidManifest.xml:17:5-42
MERGED from [com.android.support:support-v4:27.0.2] AndroidManifest.xml:20:5-44
MERGED from [com.android.support:support-v4:27.0.2] AndroidManifest.xml:20:5-44
MERGED from [com.code-troopers.betterpickers:library:3.1.0] AndroidManifest.xml:8:5-10:41
MERGED from [com.code-troopers.betterpickers:library:3.1.0] AndroidManifest.xml:8:5-10:41
MERGED from [io.github.kobakei:ratethisapp:1.1.3] AndroidManifest.xml:7:5-9:41
MERGED from [io.github.kobakei:ratethisapp:1.1.3] AndroidManifest.xml:7:5-9:41
MERGED from [com.uservoice:uservoice-android-sdk:1.2.6] AndroidManifest.xml:8:5-10:41
MERGED from [com.uservoice:uservoice-android-sdk:1.2.6] AndroidManifest.xml:8:5-10:41
MERGED from [com.android.support:appcompat-v7:27.0.2] AndroidManifest.xml:20:5-44
MERGED from [com.android.support:appcompat-v7:27.0.2] AndroidManifest.xml:20:5-44
MERGED from [com.android.support:cardview-v7:27.0.2] AndroidManifest.xml:20:5-44
MERGED from [com.android.support:cardview-v7:27.0.2] AndroidManifest.xml:20:5-44
MERGED from [com.android.support:recyclerview-v7:27.0.2] AndroidManifest.xml:20:5-44
MERGED from [com.android.support:recyclerview-v7:27.0.2] AndroidManifest.xml:20:5-44
MERGED from [org.jraf:android-switch-backport:2.0.1] AndroidManifest.xml:30:5-32:41
MERGED from [org.jraf:android-switch-backport:2.0.1] AndroidManifest.xml:30:5-32:41
MERGED from [com.squareup:android-times-square:1.6.5] AndroidManifest.xml:7:5-43
MERGED from [com.squareup:android-times-square:1.6.5] AndroidManifest.xml:7:5-43
MERGED from [com.jakewharton:butterknife:8.8.1] AndroidManifest.xml:5:5-43
MERGED from [com.jakewharton:butterknife:8.8.1] AndroidManifest.xml:5:5-43
MERGED from [com.crashlytics.sdk.android:crashlytics:2.6.7] AndroidManifest.xml:7:5-43
MERGED from [com.crashlytics.sdk.android:crashlytics:2.6.7] AndroidManifest.xml:7:5-43
MERGED from [com.android.support:support-fragment:27.0.2] AndroidManifest.xml:20:5-44
MERGED from [com.android.support:support-fragment:27.0.2] AndroidManifest.xml:20:5-44
MERGED from [com.android.support:animated-vector-drawable:27.0.2] AndroidManifest.xml:20:5-44
MERGED from [com.android.support:animated-vector-drawable:27.0.2] AndroidManifest.xml:20:5-44
MERGED from [com.android.support:support-core-ui:27.0.2] AndroidManifest.xml:20:5-44
MERGED from [com.android.support:support-core-ui:27.0.2] AndroidManifest.xml:20:5-44
MERGED from [com.android.support:transition:27.0.2] AndroidManifest.xml:20:5-44
MERGED from [com.android.support:transition:27.0.2] AndroidManifest.xml:20:5-44
MERGED from [com.android.support:support-vector-drawable:27.0.2] AndroidManifest.xml:20:5-44
MERGED from [com.android.support:support-vector-drawable:27.0.2] AndroidManifest.xml:20:5-44
MERGED from [com.android.support:support-media-compat:27.0.2] AndroidManifest.xml:20:5-44
MERGED from [com.android.support:support-media-compat:27.0.2] AndroidManifest.xml:20:5-44
MERGED from [com.android.support:support-core-utils:27.0.2] AndroidManifest.xml:20:5-44
MERGED from [com.android.support:support-core-utils:27.0.2] AndroidManifest.xml:20:5-44
MERGED from [com.android.support:support-compat:27.0.2] AndroidManifest.xml:20:5-44
MERGED from [com.android.support:support-compat:27.0.2] AndroidManifest.xml:20:5-44
MERGED from [com.crashlytics.sdk.android:beta:1.2.4] AndroidManifest.xml:7:5-43
MERGED from [com.crashlytics.sdk.android:beta:1.2.4] AndroidManifest.xml:7:5-43
MERGED from [com.crashlytics.sdk.android:crashlytics-core:2.3.16] AndroidManifest.xml:50:5-43
MERGED from [com.crashlytics.sdk.android:crashlytics-core:2.3.16] AndroidManifest.xml:50:5-43
MERGED from [com.crashlytics.sdk.android:answers:1.3.12] AndroidManifest.xml:7:5-43
MERGED from [com.crashlytics.sdk.android:answers:1.3.12] AndroidManifest.xml:7:5-43
MERGED from [io.fabric.sdk.android:fabric:1.3.16] AndroidManifest.xml:27:5-43
MERGED from [io.fabric.sdk.android:fabric:1.3.16] AndroidManifest.xml:27:5-43
MERGED from [android.arch.lifecycle:runtime:1.0.3] AndroidManifest.xml:20:5-22:41
MERGED from [android.arch.lifecycle:runtime:1.0.3] AndroidManifest.xml:20:5-22:41
INJECTED from src\debug\AndroidManifest.xml
INJECTED from src\debug\AndroidManifest.xml
	android:targetSdkVersion
		INJECTED from src\main\AndroidManifest.xml
		INJECTED from src\debug\AndroidManifest.xml
	android:minSdkVersion
		INJECTED from src\main\AndroidManifest.xml
		INJECTED from src\debug\AndroidManifest.xml
uses-permission#android.permission.SET_ANIMATION_SCALE
ADDED from src\debug\AndroidManifest.xml:23:5-78
	android:name
		ADDED from src\debug\AndroidManifest.xml:23:22-75
activity#com.google.android.gms.common.api.GoogleApiActivity
ADDED from [com.google.android.gms:play-services-base:9.6.1] AndroidManifest.xml:19:9-172
	android:exported
		ADDED from [com.google.android.gms:play-services-base:9.6.1] AndroidManifest.xml:19:146-170
	android:theme
		ADDED from [com.google.android.gms:play-services-base:9.6.1] AndroidManifest.xml:19:86-145
	android:name
		ADDED from [com.google.android.gms:play-services-base:9.6.1] AndroidManifest.xml:19:19-85
meta-data#com.google.android.gms.version
ADDED from [com.google.android.gms:play-services-basement:9.6.1] AndroidManifest.xml:20:9-121
	android:value
		ADDED from [com.google.android.gms:play-services-basement:9.6.1] AndroidManifest.xml:20:66-119
	android:name
		ADDED from [com.google.android.gms:play-services-basement:9.6.1] AndroidManifest.xml:20:20-65
activity#com.uservoice.uservoicesdk.activity.PortalActivity
ADDED from [com.uservoice:uservoice-android-sdk:1.2.6] AndroidManifest.xml:15:9-17:53
	android:theme
		ADDED from [com.uservoice:uservoice-android-sdk:1.2.6] AndroidManifest.xml:17:13-50
	android:name
		ADDED from [com.uservoice:uservoice-android-sdk:1.2.6] AndroidManifest.xml:16:13-78
activity#com.uservoice.uservoicesdk.activity.ForumActivity
ADDED from [com.uservoice:uservoice-android-sdk:1.2.6] AndroidManifest.xml:18:9-20:53
	android:theme
		ADDED from [com.uservoice:uservoice-android-sdk:1.2.6] AndroidManifest.xml:20:13-50
	android:name
		ADDED from [com.uservoice:uservoice-android-sdk:1.2.6] AndroidManifest.xml:19:13-77
activity#com.uservoice.uservoicesdk.activity.ArticleActivity
ADDED from [com.uservoice:uservoice-android-sdk:1.2.6] AndroidManifest.xml:21:9-23:53
	android:theme
		ADDED from [com.uservoice:uservoice-android-sdk:1.2.6] AndroidManifest.xml:23:13-50
	android:name
		ADDED from [com.uservoice:uservoice-android-sdk:1.2.6] AndroidManifest.xml:22:13-79
activity#com.uservoice.uservoicesdk.activity.TopicActivity
ADDED from [com.uservoice:uservoice-android-sdk:1.2.6] AndroidManifest.xml:24:9-26:53
	android:theme
		ADDED from [com.uservoice:uservoice-android-sdk:1.2.6] AndroidManifest.xml:26:13-50
	android:name
		ADDED from [com.uservoice:uservoice-android-sdk:1.2.6] AndroidManifest.xml:25:13-77
activity#com.uservoice.uservoicesdk.activity.ContactActivity
ADDED from [com.uservoice:uservoice-android-sdk:1.2.6] AndroidManifest.xml:27:9-30:53
	android:configChanges
		ADDED from [com.uservoice:uservoice-android-sdk:1.2.6] AndroidManifest.xml:29:13-74
	android:theme
		ADDED from [com.uservoice:uservoice-android-sdk:1.2.6] AndroidManifest.xml:30:13-50
	android:name
		ADDED from [com.uservoice:uservoice-android-sdk:1.2.6] AndroidManifest.xml:28:13-79
activity#com.uservoice.uservoicesdk.activity.PostIdeaActivity
ADDED from [com.uservoice:uservoice-android-sdk:1.2.6] AndroidManifest.xml:31:9-34:53
	android:configChanges
		ADDED from [com.uservoice:uservoice-android-sdk:1.2.6] AndroidManifest.xml:33:13-74
	android:theme
		ADDED from [com.uservoice:uservoice-android-sdk:1.2.6] AndroidManifest.xml:34:13-50
	android:name
		ADDED from [com.uservoice:uservoice-android-sdk:1.2.6] AndroidManifest.xml:32:13-80